<?xml version="1.0" encoding="UTF-8"?>
<testng-results ignored="0" total="5" passed="4" failed="1" skipped="0">
  <reporter-output>
  </reporter-output>
  <suite started-at="2021-06-11T10:55:14 IST" name="CRPF_ICAS" finished-at="2021-06-11T10:56:40 IST" duration-ms="85969">
    <groups>
    </groups>
    <test started-at="2021-06-11T10:55:14 IST" name="ICAS Crpf" finished-at="2021-06-11T10:56:40 IST" duration-ms="85969">
      <class name="com.testcases.Login_TC_001">
        <test-method is-config="true" signature="setup(java.lang.String)[pri:0, instance:com.testcases.Login_TC_001@19d481b]" started-at="2021-06-11T10:55:15 IST" name="setup" finished-at="2021-06-11T10:55:58 IST" duration-ms="43391" status="PASS">
          <params>
            <param index="0">
              <value>
                <![CDATA[chrome]]>
              </value>
            </param>
          </params>
          <reporter-output>
          </reporter-output>
        </test-method> <!-- setup -->
        <test-method signature="Logintestcases(java.lang.String, java.lang.String)[pri:0, instance:com.testcases.Login_TC_001@19d481b]" started-at="2021-06-11T10:56:04 IST" name="Logintestcases" data-provider="getLogindata" finished-at="2021-06-11T10:56:12 IST" duration-ms="8645" status="PASS">
          <params>
            <param index="0">
              <value>
                <![CDATA[shubham unit]]>
              </value>
            </param>
            <param index="1">
              <value>
                <![CDATA[Crpf@432!]]>
              </value>
            </param>
          </params>
          <reporter-output>
          </reporter-output>
        </test-method> <!-- Logintestcases -->
        <test-method signature="Logintestcases(java.lang.String, java.lang.String)[pri:0, instance:com.testcases.Login_TC_001@19d481b]" started-at="2021-06-11T10:56:13 IST" name="Logintestcases" data-provider="getLogindata" finished-at="2021-06-11T10:56:21 IST" duration-ms="8009" status="PASS">
          <params>
            <param index="0">
              <value>
                <![CDATA[ww]]>
              </value>
            </param>
            <param index="1">
              <value>
                <![CDATA[12345.0]]>
              </value>
            </param>
          </params>
          <reporter-output>
          </reporter-output>
        </test-method> <!-- Logintestcases -->
        <test-method signature="Logintestcases(java.lang.String, java.lang.String)[pri:0, instance:com.testcases.Login_TC_001@19d481b]" started-at="2021-06-11T10:56:21 IST" name="Logintestcases" data-provider="getLogindata" finished-at="2021-06-11T10:56:27 IST" duration-ms="6595" status="PASS">
          <params>
            <param index="0">
              <value>
                <![CDATA[shubham]]>
              </value>
            </param>
            <param index="1">
              <value>
                <![CDATA[]]>
              </value>
            </param>
          </params>
          <reporter-output>
          </reporter-output>
        </test-method> <!-- Logintestcases -->
        <test-method signature="Logintestcases(java.lang.String, java.lang.String)[pri:0, instance:com.testcases.Login_TC_001@19d481b]" started-at="2021-06-11T10:56:27 IST" name="Logintestcases" data-provider="getLogindata" finished-at="2021-06-11T10:56:34 IST" duration-ms="7195" status="PASS">
          <params>
            <param index="0">
              <value>
                <![CDATA[]]>
              </value>
            </param>
            <param index="1">
              <value>
                <![CDATA[12345.0]]>
              </value>
            </param>
          </params>
          <reporter-output>
          </reporter-output>
        </test-method> <!-- Logintestcases -->
        <test-method signature="Logintestcases(java.lang.String, java.lang.String)[pri:0, instance:com.testcases.Login_TC_001@19d481b]" started-at="2021-06-11T10:56:34 IST" name="Logintestcases" data-provider="getLogindata" finished-at="2021-06-11T10:56:40 IST" duration-ms="5888" status="FAIL">
          <params>
            <param index="0">
              <value>
                <![CDATA[shubham unit]]>
              </value>
            </param>
            <param index="1">
              <value>
                <![CDATA[india@11]]>
              </value>
            </param>
          </params>
          <exception class="org.openqa.selenium.NoSuchSessionException">
            <message>
              <![CDATA[Session ID is null. Using WebDriver after calling quit()?
Build info: version: '3.141.59', revision: 'e82be7d358', time: '2018-11-14T08:17:03'
System info: host: 'DESKTOP-6DFJBSF', ip: '192.168.1.86', os.name: 'Windows 10', os.arch: 'amd64', os.version: '10.0', java.version: '14.0.2'
Driver info: driver.version: RemoteWebDriver]]>
            </message>
            <full-stacktrace>
              <![CDATA[org.openqa.selenium.NoSuchSessionException: Session ID is null. Using WebDriver after calling quit()?
Build info: version: '3.141.59', revision: 'e82be7d358', time: '2018-11-14T08:17:03'
System info: host: 'DESKTOP-6DFJBSF', ip: '192.168.1.86', os.name: 'Windows 10', os.arch: 'amd64', os.version: '10.0', java.version: '14.0.2'
Driver info: driver.version: RemoteWebDriver
at org.openqa.selenium.remote.HttpCommandExecutor.execute(HttpCommandExecutor.java:125)
at org.openqa.selenium.remote.service.DriverCommandExecutor.execute(DriverCommandExecutor.java:83)
at org.openqa.selenium.remote.RemoteWebDriver.execute(RemoteWebDriver.java:552)
at org.openqa.selenium.remote.RemoteWebDriver.findElement(RemoteWebDriver.java:323)
at org.openqa.selenium.remote.RemoteWebDriver.findElementById(RemoteWebDriver.java:372)
at org.openqa.selenium.By$ById.findElement(By.java:188)
at org.openqa.selenium.remote.RemoteWebDriver.findElement(RemoteWebDriver.java:315)
at com.testcases.Login_TC_001.Logintestcases(Login_TC_001.java:47)
at java.base/jdk.internal.reflect.NativeMethodAccessorImpl.invoke0(Native Method)
at java.base/jdk.internal.reflect.NativeMethodAccessorImpl.invoke(NativeMethodAccessorImpl.java:62)
at java.base/jdk.internal.reflect.DelegatingMethodAccessorImpl.invoke(DelegatingMethodAccessorImpl.java:43)
at java.base/java.lang.reflect.Method.invoke(Method.java:564)
at org.testng.internal.MethodInvocationHelper.invokeMethod(MethodInvocationHelper.java:132)
at org.testng.internal.TestInvoker.invokeMethod(TestInvoker.java:599)
at org.testng.internal.TestInvoker.invokeTestMethod(TestInvoker.java:174)
at org.testng.internal.MethodRunner.runInSequence(MethodRunner.java:46)
at org.testng.internal.TestInvoker$MethodInvocationAgent.invoke(TestInvoker.java:822)
at org.testng.internal.TestInvoker.invokeTestMethods(TestInvoker.java:147)
at org.testng.internal.TestMethodWorker.invokeTestMethods(TestMethodWorker.java:146)
at org.testng.internal.TestMethodWorker.run(TestMethodWorker.java:128)
at java.base/java.util.ArrayList.forEach(ArrayList.java:1511)
at org.testng.TestRunner.privateRun(TestRunner.java:764)
at org.testng.TestRunner.run(TestRunner.java:585)
at org.testng.SuiteRunner.runTest(SuiteRunner.java:384)
at org.testng.SuiteRunner.runSequentially(SuiteRunner.java:378)
at org.testng.SuiteRunner.privateRun(SuiteRunner.java:337)
at org.testng.SuiteRunner.run(SuiteRunner.java:286)
at org.testng.SuiteRunnerWorker.runSuite(SuiteRunnerWorker.java:53)
at org.testng.SuiteRunnerWorker.run(SuiteRunnerWorker.java:96)
at org.testng.TestNG.runSuitesSequentially(TestNG.java:1218)
at org.testng.TestNG.runSuitesLocally(TestNG.java:1140)
at org.testng.TestNG.runSuites(TestNG.java:1069)
at org.testng.TestNG.run(TestNG.java:1037)
at org.testng.remote.AbstractRemoteTestNG.run(AbstractRemoteTestNG.java:115)
at org.testng.remote.RemoteTestNG.initAndRun(RemoteTestNG.java:251)
at org.testng.remote.RemoteTestNG.main(RemoteTestNG.java:77)
]]>
            </full-stacktrace>
          </exception> <!-- org.openqa.selenium.NoSuchSessionException -->
          <reporter-output>
          </reporter-output>
        </test-method> <!-- Logintestcases -->
      </class> <!-- com.testcases.Login_TC_001 -->
    </test> <!-- ICAS Crpf -->
  </suite> <!-- CRPF_ICAS -->
</testng-results>
